[INFO ] 2022-03-07 01:43:57.404 [main] pages - 6225392ca7f31c222630fe23
[INFO ] 2022-03-07 02:05:21.665 [main] pages - BoardID: 62253e2f92933d678c29009e
[INFO ] 2022-03-07 02:05:23.102 [main] pages - CardsID: [62253e32cfe9fb518132b797]
[INFO ] 2022-03-07 02:05:23.561 [main] pages - CardsID: [62253e32cfe9fb518132b797, 62253e33ac6c68647cf53f14]
[INFO ] 2022-03-07 02:05:23.970 [main] pages - UpdateCardName: CardUpdate
[INFO ] 2022-03-07 02:05:24.288 [main] pages - Card DELETE is Complate
[INFO ] 2022-03-07 02:05:24.611 [main] pages - Card DELETE is Complate
[INFO ] 2022-03-07 02:05:26.053 [main] pages - Board is DELETE
[INFO ] 2022-03-07 02:07:26.906 [main] pages - BoardID: 62253eaea24df314b067a350
[INFO ] 2022-03-07 02:07:27.401 [main] pages - CardsID: [62253eaf34be048ae26796d6]
[INFO ] 2022-03-07 02:07:27.832 [main] pages - CardsID: [62253eaf34be048ae26796d6, 62253eafb5cd1074d79f9dbf]
[INFO ] 2022-03-07 02:07:28.258 [main] pages - UpdateCardName: CardUpdate
[INFO ] 2022-03-07 02:07:28.588 [main] pages - Card DELETE is Complate
[INFO ] 2022-03-07 02:07:29.185 [main] pages - Card DELETE is Complate
[INFO ] 2022-03-07 02:07:29.917 [main] pages - Board is DELETE
[INFO ] 2022-03-07 18:12:00.671 [main] pages - BoardID: 622620c0dd044344dfbe2e71
[INFO ] 2022-03-07 18:12:01.213 [main] pages - CardsID: [622620c1ea83c31dd7ff8ca3]
[INFO ] 2022-03-07 18:12:01.808 [main] pages - CardsID: [622620c1ea83c31dd7ff8ca3, 622620c17e3e63222d9246b0]
[INFO ] 2022-03-07 18:12:02.232 [main] pages - UpdateCardName: CardUpdate
[INFO ] 2022-03-07 18:12:02.568 [main] pages - Card DELETE is Complate
[INFO ] 2022-03-07 18:12:02.908 [main] pages - Card DELETE is Complate
[INFO ] 2022-03-07 18:12:04.246 [main] pages - Board is DELETE
[INFO ] 2022-03-07 18:12:42.149 [main] pages - BoardID: 622620e9a142e0551a1b2bc7
[INFO ] 2022-03-07 18:12:42.734 [main] pages - CardsID: [622620eaca65112933166a8f]
[INFO ] 2022-03-07 18:12:43.369 [main] pages - CardsID: [622620eaca65112933166a8f, 622620ebd4c7035c4a0c4f8d]
[INFO ] 2022-03-07 18:12:43.816 [main] pages - UpdateCardName: CardUpdate
[INFO ] 2022-03-07 18:12:44.149 [main] pages - Card DELETE is Complate
[INFO ] 2022-03-07 18:12:44.481 [main] pages - Card DELETE is Complate
[INFO ] 2022-03-07 18:12:45.085 [main] pages - Board is DELETE
[INFO ] 2022-03-07 18:12:54.806 [main] pages - BoardID: 622620f654202b19867e6ebc
[INFO ] 2022-03-07 18:12:55.316 [main] pages - CardsID: [622620f7675fd5809c1642f3]
[INFO ] 2022-03-07 18:12:55.795 [main] pages - CardsID: [622620f7675fd5809c1642f3, 622620f8be372f36315cd9ad]
[INFO ] 2022-03-07 18:12:56.324 [main] pages - UpdateCardName: CardUpdate
[INFO ] 2022-03-07 18:12:56.667 [main] pages - Card DELETE is Complate
[INFO ] 2022-03-07 18:12:56.999 [main] pages - Card DELETE is Complate
[INFO ] 2022-03-07 18:12:57.589 [main] pages - Board is DELETE
[INFO ] 2022-03-07 18:13:27.271 [main] pages - BoardID: 62262117910e8541e843f4e3
[INFO ] 2022-03-07 18:13:27.814 [main] pages - CardsID: [622621181563dd1ff7b10f11]
[INFO ] 2022-03-07 18:13:28.277 [main] pages - CardsID: [622621181563dd1ff7b10f11, 622621183e2f7682394702dd]
[INFO ] 2022-03-07 18:13:28.728 [main] pages - UpdateCardName: CardUpdate
[INFO ] 2022-03-15 23:53:18.338 [main] pages - BoardID: 6230fcbd42bb975b5285a329
[INFO ] 2022-03-15 23:53:54.849 [main] pages - BoardID: 6230fce1f35b998f6a2ae98f
[INFO ] 2022-03-15 23:54:17.009 [main] pages - BoardID: 6230fcf79648122573b69c38
[INFO ] 2022-03-15 23:54:17.772 [main] pages - CardsID: [6230fcf9ddb4668e4d976d20]
[INFO ] 2022-03-15 23:54:18.368 [main] pages - CardsID: [6230fcf9ddb4668e4d976d20, 6230fcfaeae55f3521a54965]
[INFO ] 2022-03-15 23:54:26.656 [main] pages - UpdateCardName: CardUpdate
[INFO ] 2022-03-15 23:54:27.241 [main] pages - Card DELETE is Complate
[INFO ] 2022-03-15 23:54:27.856 [main] pages - Card DELETE is Complate
[INFO ] 2022-03-15 23:54:28.677 [main] pages - Board is DELETE
[INFO ] 2022-03-15 23:55:52.318 [main] pages - BoardID: 6230fd5712674f3ae27c900f
